Using pre-set license
Built from '2020.3/staging' branch; Version is '2020.3.48f1 (b805b124c6b7) revision 12060081'; Using compiler version '192528614'; Build Type 'Release'
OS: 'Windows 11  (10.0.22621) 64bit Professional' Language: 'es' Physical Memory: 7985 MB
BatchMode: 1, IsHumanControllingUs: 0, StartBugReporterOnCrash: 0, Is64bit: 1, IsPro: 0

COMMAND LINE ARGUMENTS:
C:\Program Files\Unity\Hub\Editor\2020.3.48f1\Editor\Unity.exe
-adb2
-batchMode
-noUpm
-name
AssetImportWorker0
-projectPath
E:/Unity/holbertonschool-unity/unity_concepts
-logFile
Logs/AssetImportWorker0.log
-srvPort
50414
Successfully changed project path to: E:/Unity/holbertonschool-unity/unity_concepts
E:/Unity/holbertonschool-unity/unity_concepts
Using Asset Import Pipeline V2.
Player connection [1028] Host "[IP] 192.168.101.71 [Port] 1073959392 [Flags] 2 [Guid] 1137055223 [EditorId] 1137055223 [Version] 1048832 [Id] WindowsEditor(7,Sharkuma) [Debug] 1 [PackageName] WindowsEditor [ProjectName] Editor" joined multi-casting on [225.0.0.222:54997]...

Player connection [1028] Host "[IP] 192.168.101.71 [Port] 1073959392 [Flags] 2 [Guid] 1137055223 [EditorId] 1137055223 [Version] 1048832 [Id] WindowsEditor(7,Sharkuma) [Debug] 1 [PackageName] WindowsEditor [ProjectName] Editor" joined alternative multi-casting on [225.0.0.222:34997]...

Refreshing native plugins compatible for Editor in 34.36 ms, found 2 plugins.
Preloading 0 native plugins for Editor in 0.00 ms.
Initialize engine version: 2020.3.48f1 (b805b124c6b7)
[Subsystems] Discovering subsystems at path C:/Program Files/Unity/Hub/Editor/2020.3.48f1/Editor/Data/Resources/UnitySubsystems
[Subsystems] Discovering subsystems at path E:/Unity/holbertonschool-unity/unity_concepts/Assets
GfxDevice: creating device client; threaded=0
Direct3D:
    Version:  Direct3D 11.0 [level 11.1]
    Renderer: Radeon RX550/550 Series (ID=0x699f)
    Vendor:   
    VRAM:     2027 MB
    Driver:   31.0.14037.17019
Initialize mono
Mono path[0] = 'C:/Program Files/Unity/Hub/Editor/2020.3.48f1/Editor/Data/Managed'
Mono path[1] = 'C:/Program Files/Unity/Hub/Editor/2020.3.48f1/Editor/Data/MonoBleedingEdge/lib/mono/unityjit'
Mono config path = 'C:/Program Files/Unity/Hub/Editor/2020.3.48f1/Editor/Data/MonoBleedingEdge/etc'
Using monoOptions --debugger-agent=transport=dt_socket,embedding=1,server=y,suspend=n,address=127.0.0.1:56384
Begin MonoManager ReloadAssembly
Registering precompiled unity dll's ...
Register platform support module: C:/Program Files/Unity/Hub/Editor/2020.3.48f1/Editor/Data/PlaybackEngines/WindowsStandaloneSupport/UnityEditor.WindowsStandalone.Extensions.dll
Register platform support module: C:/Program Files/Unity/Hub/Editor/2020.3.48f1/Editor/Data/PlaybackEngines/LinuxStandaloneSupport/UnityEditor.LinuxStandalone.Extensions.dll
Registered in 0.001398 seconds.
Native extension for LinuxStandalone target not found
Native extension for WindowsStandalone target not found
Refreshing native plugins compatible for Editor in 24.05 ms, found 2 plugins.
Preloading 0 native plugins for Editor in 0.00 ms.
Mono: successfully reloaded assembly
- Completed reload, in  0.497 seconds
Domain Reload Profiling:
	ReloadAssembly (497ms)
		BeginReloadAssembly (57ms)
			ExecutionOrderSort (0ms)
			DisableScriptedObjects (0ms)
			BackupInstance (0ms)
			ReleaseScriptingObjects (0ms)
			CreateAndSetChildDomain (1ms)
		EndReloadAssembly (377ms)
			LoadAssemblies (55ms)
			RebuildTransferFunctionScriptingTraits (0ms)
			SetupTypeCache (126ms)
			ReleaseScriptCaches (0ms)
			RebuildScriptCaches (28ms)
			SetupLoadedEditorAssemblies (133ms)
				LogAssemblyErrors (0ms)
				InitializePlatformSupportModulesInManaged (5ms)
				SetLoadedEditorAssemblies (0ms)
				RefreshPlugins (24ms)
				BeforeProcessingInitializeOnLoad (11ms)
				ProcessInitializeOnLoadAttributes (70ms)
				ProcessInitializeOnLoadMethodAttributes (23ms)
				AfterProcessingInitializeOnLoad (0ms)
				EditorAssembliesLoaded (0ms)
			ExecutionOrderSort2 (0ms)
			AwakeInstancesAfterBackupRestoration (0ms)
Platform modules already initialized, skipping
Registering precompiled user dll's ...
Registered in 0.001998 seconds.
Begin MonoManager ReloadAssembly
Native extension for LinuxStandalone target not found
Native extension for WindowsStandalone target not found
Refreshing native plugins compatible for Editor in 0.29 ms, found 2 plugins.
Preloading 0 native plugins for Editor in 0.00 ms.
Mono: successfully reloaded assembly
- Completed reload, in  0.824 seconds
Domain Reload Profiling:
	ReloadAssembly (825ms)
		BeginReloadAssembly (122ms)
			ExecutionOrderSort (0ms)
			DisableScriptedObjects (4ms)
			BackupInstance (0ms)
			ReleaseScriptingObjects (0ms)
			CreateAndSetChildDomain (18ms)
		EndReloadAssembly (652ms)
			LoadAssemblies (75ms)
			RebuildTransferFunctionScriptingTraits (0ms)
			SetupTypeCache (230ms)
			ReleaseScriptCaches (0ms)
			RebuildScriptCaches (35ms)
			SetupLoadedEditorAssemblies (246ms)
				LogAssemblyErrors (0ms)
				InitializePlatformSupportModulesInManaged (5ms)
				SetLoadedEditorAssemblies (0ms)
				RefreshPlugins (0ms)
				BeforeProcessingInitializeOnLoad (71ms)
				ProcessInitializeOnLoadAttributes (159ms)
				ProcessInitializeOnLoadMethodAttributes (7ms)
				AfterProcessingInitializeOnLoad (4ms)
				EditorAssembliesLoaded (0ms)
			ExecutionOrderSort2 (0ms)
			AwakeInstancesAfterBackupRestoration (2ms)
Platform modules already initialized, skipping
========================================================================
Worker process is ready to serve import requests
Launched and connected shader compiler UnityShaderCompiler.exe after 0.03 seconds
Refreshing native plugins compatible for Editor in 0.29 ms, found 2 plugins.
Preloading 0 native plugins for Editor in 0.00 ms.
Unloading 1318 Unused Serialized files (Serialized files now loaded: 0)
System memory in use before: 63.4 MB.
System memory in use after: 42.7 MB.

Unloading 16 unused Assets to reduce memory usage. Loaded Objects now: 1755.
Total: 3.288700 ms (FindLiveObjects: 0.139200 ms CreateObjectMapping: 0.033000 ms MarkObjects: 3.042200 ms  DeleteObjects: 0.072800 ms)

AssetImportParameters requested are different than current active one (requested -> active):
  custom:framework-win-MediaFoundation: 216162199b28c13a410421893ffa2e32 -> 
  custom:video-decoder-ogg-theora: a1e56fd34408186e4bbccfd4996cb3dc -> 
  custom:container-muxer-webm: aa71ff27fc2769a1b78a27578f13a17b -> 
  custom:container-demuxer-webm: 4f35f7cbe854078d1ac9338744f61a02 -> 
  custom:container-demuxer-ogg: 62fdf1f143b41e24485cea50d1cbac27 -> 
  custom:video-encoder-webm-vp8: eb34c28f22e8b96e1ab97ce403110664 -> 
  custom:video-codec-MediaFoundation-h265: 746d11721c4dcdbdad8f713fa42b33f4 -> 
  custom:video-decoder-webm-vp8: 9c59270c3fd7afecdb556c50c9e8de78 -> 
  custom:audio-decoder-ogg-vorbis: bf7c407c2cedff20999df2af8eb42d56 -> 
  custom:audio-encoder-webm-vorbis: bf7c407c2cedff20999df2af8eb42d56 -> 
========================================================================
Received Import Request.
  path: Assets/Scenes/1-ball.unity
  artifactKey: Guid(a560dfad5cd10304dbe7e7b79ad4f4cf) Importer(815301076,1909f56bfc062723c751e8b465ee728b)
Start importing Assets/Scenes/1-ball.unity using Guid(a560dfad5cd10304dbe7e7b79ad4f4cf) Importer(815301076,1909f56bfc062723c751e8b465ee728b)  -> (artifact id: '7b9d8ef3ed7620970d99c706a1cf41cd') in 0.010922 seconds 
========================================================================
Received Import Request.
  Time since last request: 0.000258 seconds.
  path: Assets/Scenes/0-floor.unity
  artifactKey: Guid(9fc0d4010bbf28b4594072e72b8655ab) Importer(815301076,1909f56bfc062723c751e8b465ee728b)
Start importing Assets/Scenes/0-floor.unity using Guid(9fc0d4010bbf28b4594072e72b8655ab) Importer(815301076,1909f56bfc062723c751e8b465ee728b)  -> (artifact id: '739d26d89989d41405e37662ce19d204') in 0.010343 seconds 
========================================================================
Received Import Request.
  Time since last request: 5.362978 seconds.
  path: Assets/Scenes/1-ball 1.unity
  artifactKey: Guid(6229236cc1f008d4ab9245322f3f6f05) Importer(815301076,1909f56bfc062723c751e8b465ee728b)
Start importing Assets/Scenes/1-ball 1.unity using Guid(6229236cc1f008d4ab9245322f3f6f05) Importer(815301076,1909f56bfc062723c751e8b465ee728b)  -> (artifact id: '69083660ed41b5739a1cc154afd95dc9') in 0.010368 seconds 
========================================================================
Received Import Request.
  Time since last request: 23.109854 seconds.
  path: Assets/Scenes/2-colors.unity
  artifactKey: Guid(6229236cc1f008d4ab9245322f3f6f05) Importer(815301076,1909f56bfc062723c751e8b465ee728b)
Start importing Assets/Scenes/2-colors.unity using Guid(6229236cc1f008d4ab9245322f3f6f05) Importer(815301076,1909f56bfc062723c751e8b465ee728b)  -> (artifact id: '9b1b9d066a8ebc3b4ad1aad85b345100') in 0.010049 seconds 
========================================================================
Received Import Request.
  Time since last request: 32.499315 seconds.
  path: Assets/Scenes/2-colors.unity
  artifactKey: Guid(6229236cc1f008d4ab9245322f3f6f05) Importer(815301076,1909f56bfc062723c751e8b465ee728b)
Start importing Assets/Scenes/2-colors.unity using Guid(6229236cc1f008d4ab9245322f3f6f05) Importer(815301076,1909f56bfc062723c751e8b465ee728b)  -> (artifact id: '75aa33b0e85abe1006158e910ad22389') in 0.002437 seconds 
========================================================================
Received Import Request.
  Time since last request: 15.777549 seconds.
  path: Assets/Scenes/2-colors.unity
  artifactKey: Guid(6229236cc1f008d4ab9245322f3f6f05) Importer(815301076,1909f56bfc062723c751e8b465ee728b)
Start importing Assets/Scenes/2-colors.unity using Guid(6229236cc1f008d4ab9245322f3f6f05) Importer(815301076,1909f56bfc062723c751e8b465ee728b)  -> (artifact id: 'b111d206f31e33aac6d70a1c055bbcc6') in 0.002479 seconds 
========================================================================
Received Import Request.
  Time since last request: 20.549911 seconds.
  path: Assets/New Folder
  artifactKey: Guid(64db9402f1341c84089e1bd77caee934) Importer(815301076,1909f56bfc062723c751e8b465ee728b)
Start importing Assets/New Folder using Guid(64db9402f1341c84089e1bd77caee934) Importer(815301076,1909f56bfc062723c751e8b465ee728b)  -> (artifact id: '479b3661c3c86277893680c471970f9e') in 0.010237 seconds 
========================================================================
Received Import Request.
  Time since last request: 12.751197 seconds.
  path: Assets/Materials
  artifactKey: Guid(64db9402f1341c84089e1bd77caee934) Importer(815301076,1909f56bfc062723c751e8b465ee728b)
Start importing Assets/Materials using Guid(64db9402f1341c84089e1bd77caee934) Importer(815301076,1909f56bfc062723c751e8b465ee728b)  -> (artifact id: 'a53a02435778fe72dd701e8cdace01e3') in 0.010403 seconds 
========================================================================
Received Import Request.
  Time since last request: 10.990830 seconds.
  path: Assets/Materials/ball.mat
  artifactKey: Guid(cd206d1b43a45c643b7246fa99c4024e) Importer(815301076,1909f56bfc062723c751e8b465ee728b)
Start importing Assets/Materials/ball.mat using Guid(cd206d1b43a45c643b7246fa99c4024e) Importer(815301076,1909f56bfc062723c751e8b465ee728b)  -> (artifact id: '7e5c8f64ba36dff09750b08664e13577') in 0.107087 seconds 
========================================================================
Received Import Request.
  Time since last request: 11.427766 seconds.
  path: Assets/Materials/floor.mat
  artifactKey: Guid(e739e358c28b99e41b4d975afa56e008) Importer(815301076,1909f56bfc062723c751e8b465ee728b)
Start importing Assets/Materials/floor.mat using Guid(e739e358c28b99e41b4d975afa56e008) Importer(815301076,1909f56bfc062723c751e8b465ee728b)  -> (artifact id: '1801c39b61112dbbcbd14684bbde4313') in 0.019377 seconds 
========================================================================
Received Import Request.
  Time since last request: 33.874608 seconds.
  path: Assets/Materials/ball.mat
  artifactKey: Guid(cd206d1b43a45c643b7246fa99c4024e) Importer(815301076,1909f56bfc062723c751e8b465ee728b)
Start importing Assets/Materials/ball.mat using Guid(cd206d1b43a45c643b7246fa99c4024e) Importer(815301076,1909f56bfc062723c751e8b465ee728b)  -> (artifact id: '53e9f0510ce1d4418613ebcd80532c43') in 0.015439 seconds 
========================================================================
Received Import Request.
  Time since last request: 0.000212 seconds.
  path: Assets/Materials/floor.mat
  artifactKey: Guid(e739e358c28b99e41b4d975afa56e008) Importer(815301076,1909f56bfc062723c751e8b465ee728b)
Start importing Assets/Materials/floor.mat using Guid(e739e358c28b99e41b4d975afa56e008) Importer(815301076,1909f56bfc062723c751e8b465ee728b)  -> (artifact id: 'ba1bc883d6367d6c9a0a653a8d459560') in 0.016485 seconds 
